<?xml version="1.0" encoding="UTF-8"?>
<testsuite xmlns:xsi="http://www.w3.org/2001/XMLSchema-instance" xsi:noNamespaceSchemaLocation="https://maven.apache.org/surefire/maven-surefire-plugin/xsd/surefire-test-report.xsd" name="com.bhararth.product.dao.ProductDAOImplTest" time="0.192" tests="4" errors="0" skipped="0" failures="0">
  <properties>
[...]
</properties>
  <testcase name="delete" classname="com.bhararth.product.dao.ProductDAOImplTest" time="0.01"/>
  <testcase name="createShouldCreateAProduct" classname="com.bhararth.product.dao.ProductDAOImplTest" time="0.002"/>
  <testcase name="update" classname="com.bhararth.product.dao.ProductDAOImplTest" time="0"/>
  <testcase name="read" classname="com.bhararth.product.dao.ProductDAOImplTest" time="0.008"/>
</testsuite>